<?xml version="1.0" encoding="UTF-8"?>
<!-- Generated by org.testng.reporters.JUnitReportReporter -->
<testsuite skipped="0" hostname="PVBMPRL0703" name="com.practicevelocity.seleniumEreg.NavConfig.InClinicEntireEregw_outInsNewPatientConfig" tests="1" failures="0" timestamp="08 Feb 2019 15:39:38 GMT" time="16.529" errors="0">
  <testcase name="entireEregW_outInsNewPatSelect" time="16.529" classname="com.practicevelocity.seleniumEreg.NavConfig.InClinicEntireEregw_outInsNewPatientConfig"/>
</testsuite> <!-- com.practicevelocity.seleniumEreg.NavConfig.InClinicEntireEregw_outInsNewPatientConfig -->
