<?xml version="1.0" encoding="UTF-8"?>
<!-- Generated by org.testng.reporters.JUnitReportReporter -->
<testsuite skipped="0" hostname="PVBMPRL0703" name="com.practicevelocity.seleniumEreg.Tests.InclinicEndAfterOnsetNewPatNavTest" tests="1" failures="0" timestamp="27 Feb 2019 23:57:04 GMT" time="103.064" errors="0">
  <testcase name="EndAfterOnsetNewPat" time="103.064" classname="com.practicevelocity.seleniumEreg.Tests.InclinicEndAfterOnsetNewPatNavTest"/>
</testsuite> <!-- com.practicevelocity.seleniumEreg.Tests.InclinicEndAfterOnsetNewPatNavTest -->
