<?xml version="1.0" encoding="UTF-8"?>
<!-- Generated by org.testng.reporters.JUnitReportReporter -->
<testsuite skipped="0" hostname="PVBMPRL0703" name="com.practicevelocity.seleniumEreg.Tests.DataDrivenTest" tests="1" failures="0" timestamp="29 Jan 2019 04:28:12 GMT" time="6.206" errors="0">
  <testcase name="fbLoginLogout" time="6.206" classname="com.practicevelocity.seleniumEreg.Tests.DataDrivenTest"/>
</testsuite> <!-- com.practicevelocity.seleniumEreg.Tests.DataDrivenTest -->
