<?xml version="1.0" encoding="UTF-8"?>
<!-- Generated by org.testng.reporters.JUnitReportReporter -->
<testsuite skipped="0" hostname="PVBMPRL0703" name="com.practicevelocity.seleniumEreg.Tests.InclinicEndAfterEntireEregNewPatNavTest" tests="1" failures="0" timestamp="28 Feb 2019 19:24:55 GMT" time="286.451" errors="0">
  <testcase name="EndAfterEntireEregNewPat" time="286.451" classname="com.practicevelocity.seleniumEreg.Tests.InclinicEndAfterEntireEregNewPatNavTest"/>
</testsuite> <!-- com.practicevelocity.seleniumEreg.Tests.InclinicEndAfterEntireEregNewPatNavTest -->
