<?xml version="1.0" encoding="UTF-8"?>
<!-- Generated by org.testng.reporters.JUnitReportReporter -->
<testsuite skipped="0" hostname="PVBMPRL0703" name="com.practicevelocity.seleniumEreg.NavConfig.InClinicEndAfterMedsNewPatientConfig" tests="1" failures="0" timestamp="27 Feb 2019 23:49:52 GMT" time="35.817" errors="0">
  <testcase name="endAfterMedsNewPatSelect" time="35.817" classname="com.practicevelocity.seleniumEreg.NavConfig.InClinicEndAfterMedsNewPatientConfig"/>
</testsuite> <!-- com.practicevelocity.seleniumEreg.NavConfig.InClinicEndAfterMedsNewPatientConfig -->
