<?xml version="1.0" encoding="UTF-8"?>
<!-- Generated by org.testng.reporters.JUnitReportReporter -->
<testsuite skipped="0" hostname="PVBMPRL0703" name="com.practicevelocity.seleniumEreg.NavConfig.InClinicEndAfterPayInfoNewPatientConfig" tests="1" failures="0" timestamp="27 Feb 2019 23:59:34 GMT" time="18.641" errors="0">
  <testcase name="endAfterPayInfoNewPatSelect" time="18.641" classname="com.practicevelocity.seleniumEreg.NavConfig.InClinicEndAfterPayInfoNewPatientConfig"/>
</testsuite> <!-- com.practicevelocity.seleniumEreg.NavConfig.InClinicEndAfterPayInfoNewPatientConfig -->
