<?xml version="1.0" encoding="UTF-8"?>
<!-- Generated by org.testng.reporters.JUnitReportReporter -->
<testsuite skipped="0" hostname="PVBMPRL0703" name="com.practicevelocity.seleniumEreg.NavConfig.InClinicEndAfterOnsetNewPatientConfig" tests="1" failures="0" timestamp="27 Feb 2019 23:57:04 GMT" time="17.468" errors="0">
  <testcase name="endAfterOnsetNewPatSelect" time="17.468" classname="com.practicevelocity.seleniumEreg.NavConfig.InClinicEndAfterOnsetNewPatientConfig"/>
</testsuite> <!-- com.practicevelocity.seleniumEreg.NavConfig.InClinicEndAfterOnsetNewPatientConfig -->
