<?xml version="1.0" encoding="UTF-8"?>
<!-- Generated by org.testng.reporters.JUnitReportReporter -->
<testsuite skipped="0" hostname="PVBMPRL0703" name="com.practicevelocity.seleniumEreg.Tests.StartRegistrationIsThisEmergencyYesTest" tests="1" failures="0" timestamp="27 Feb 2019 23:29:40 GMT" time="9.766" errors="0">
  <testcase name="EregIsThisEmergencyYes" time="9.766" classname="com.practicevelocity.seleniumEreg.Tests.StartRegistrationIsThisEmergencyYesTest"/>
</testsuite> <!-- com.practicevelocity.seleniumEreg.Tests.StartRegistrationIsThisEmergencyYesTest -->
