<?xml version="1.0" encoding="UTF-8"?>
<!-- Generated by org.testng.reporters.JUnitReportReporter -->
<testsuite skipped="0" hostname="PVBMPRL0703" name="com.practicevelocity.seleniumEreg.NavConfig.InClinicEntireEregNewPatientConfig" tests="1" failures="0" timestamp="28 Feb 2019 19:24:55 GMT" time="40.539" errors="0">
  <testcase name="entireEregNewPatSelect" time="40.539" classname="com.practicevelocity.seleniumEreg.NavConfig.InClinicEntireEregNewPatientConfig"/>
</testsuite> <!-- com.practicevelocity.seleniumEreg.NavConfig.InClinicEntireEregNewPatientConfig -->
