<?xml version="1.0" encoding="UTF-8"?>
<!-- Generated by org.testng.reporters.JUnitReportReporter -->
<testsuite skipped="0" hostname="PVBMPRL0703" name="com.practicevelocity.seleniumEreg.Tests.InclinicEndAfterMedsNewPatNavTest" tests="1" failures="0" timestamp="27 Feb 2019 23:49:52 GMT" time="95.659" errors="0">
  <testcase name="EndAfterMedsNewPat" time="95.659" classname="com.practicevelocity.seleniumEreg.Tests.InclinicEndAfterMedsNewPatNavTest"/>
</testsuite> <!-- com.practicevelocity.seleniumEreg.Tests.InclinicEndAfterMedsNewPatNavTest -->
