<?xml version="1.0" encoding="UTF-8"?>
<!-- Generated by org.testng.reporters.JUnitReportReporter -->
<testsuite skipped="0" hostname="PVBMPRL0703" name="com.practicevelocity.seleniumEreg.NavConfig.InClinicMedSpringNewPatientConfig" tests="1" failures="0" timestamp="08 Feb 2019 18:07:14 GMT" time="31.056" errors="0">
  <testcase name="medSpringNewPatSelect" time="31.056" classname="com.practicevelocity.seleniumEreg.NavConfig.InClinicMedSpringNewPatientConfig"/>
</testsuite> <!-- com.practicevelocity.seleniumEreg.NavConfig.InClinicMedSpringNewPatientConfig -->
