<?xml version="1.0" encoding="UTF-8"?>
<!-- Generated by org.testng.reporters.JUnitReportReporter -->
<testsuite skipped="0" hostname="PVBMPRL0703" name="com.practicevelocity.seleniumEreg.Tests.EregPatientInfoVerificationTest" tests="1" failures="0" timestamp="27 Feb 2019 23:25:29 GMT" time="69.235" errors="0">
  <testcase name="PatientInfoValid" time="69.235" classname="com.practicevelocity.seleniumEreg.Tests.EregPatientInfoVerificationTest"/>
</testsuite> <!-- com.practicevelocity.seleniumEreg.Tests.EregPatientInfoVerificationTest -->
