<?xml version="1.0" encoding="UTF-8"?>
<!-- Generated by org.testng.reporters.JUnitReportReporter -->
<testsuite skipped="0" hostname="PVBMPRL0703" name="com.practicevelocity.seleniumEreg.Tests.PatientIdInsuranceCardPhotoYes" tests="1" failures="0" timestamp="27 Feb 2019 23:13:34 GMT" time="33.484" errors="0">
  <testcase name="PatientIDInsCardYes" time="33.484" classname="com.practicevelocity.seleniumEreg.Tests.PatientIdInsuranceCardPhotoYes"/>
</testsuite> <!-- com.practicevelocity.seleniumEreg.Tests.PatientIdInsuranceCardPhotoYes -->
