<?xml version="1.0" encoding="UTF-8"?>
<!-- Generated by org.testng.reporters.JUnitReportReporter -->
<testsuite skipped="0" hostname="PVBMPRL0703" name="com.practicevelocity.seleniumEreg.Tests.InclinicEndAfterPayInfoNewPatNavTest" tests="1" failures="0" timestamp="27 Feb 2019 23:59:34 GMT" time="74.871" errors="0">
  <testcase name="EndAfterPayInfoNewPat" time="74.871" classname="com.practicevelocity.seleniumEreg.Tests.InclinicEndAfterPayInfoNewPatNavTest"/>
</testsuite> <!-- com.practicevelocity.seleniumEreg.Tests.InclinicEndAfterPayInfoNewPatNavTest -->
