<?xml version="1.0" encoding="UTF-8"?>
<!-- Generated by org.testng.reporters.JUnitReportReporter -->
<testsuite skipped="0" hostname="PVBMPRL0703" name="com.practicevelocity.seleniumEreg.NavConfig.InClinicEndAfterInsInfoNewPatientConfig" tests="1" failures="0" timestamp="27 Feb 2019 23:45:17 GMT" time="39.032" errors="0">
  <testcase name="endAfterInsInfoNewPatSelect" time="39.032" classname="com.practicevelocity.seleniumEreg.NavConfig.InClinicEndAfterInsInfoNewPatientConfig"/>
</testsuite> <!-- com.practicevelocity.seleniumEreg.NavConfig.InClinicEndAfterInsInfoNewPatientConfig -->
