<?xml version="1.0" encoding="UTF-8"?>
<!-- Generated by org.testng.reporters.JUnitReportReporter -->
<testsuite skipped="0" hostname="PVBMPRL0703" name="com.practicevelocity.seleniumEreg.Tests.EregPinAPICheck" tests="1" failures="0" timestamp="28 Feb 2019 19:18:29 GMT" time="66.447" errors="0">
  <testcase name="RestApiSignPin" time="66.447" classname="com.practicevelocity.seleniumEreg.Tests.EregPinAPICheck"/>
</testsuite> <!-- com.practicevelocity.seleniumEreg.Tests.EregPinAPICheck -->
