<?xml version="1.0" encoding="UTF-8"?>
<!-- Generated by org.testng.reporters.JUnitReportReporter -->
<testsuite skipped="0" hostname="PVBMPRL0703" name="com.practicevelocity.seleniumEreg.Tests.PVMEregInitiateTest" tests="1" failures="0" timestamp="27 Feb 2019 23:59:34 GMT" time="14.230" errors="0">
  <testcase name="eRegInit" time="14.230" classname="com.practicevelocity.seleniumEreg.Tests.PVMEregInitiateTest"/>
</testsuite> <!-- com.practicevelocity.seleniumEreg.Tests.PVMEregInitiateTest -->
