<?xml version="1.0" encoding="UTF-8"?>
<!-- Generated by org.testng.reporters.JUnitReportReporter -->
<testsuite skipped="0" hostname="PVBMPRL0703" name="com.practicevelocity.seleniumEreg.NavConfig.InClinicEndAfterEsignNewPatientConfig" tests="1" failures="0" timestamp="25 Feb 2019 19:23:45 GMT" time="46.786" errors="0">
  <testcase name="endAfterEsignNewPatSelect" time="46.786" classname="com.practicevelocity.seleniumEreg.NavConfig.InClinicEndAfterEsignNewPatientConfig"/>
</testsuite> <!-- com.practicevelocity.seleniumEreg.NavConfig.InClinicEndAfterEsignNewPatientConfig -->
