<?xml version="1.0" encoding="UTF-8"?>
<!-- Generated by org.testng.reporters.JUnitReportReporter -->
<testsuite skipped="0" hostname="PVBMPRL0703" name="com.practicevelocity.seleniumEreg.NavConfig.EntireEregNewPatient" tests="1" failures="0" timestamp="05 Jan 2019 17:01:47 GMT" time="31.711" errors="0">
  <testcase name="testClinictesting" time="31.711" classname="com.practicevelocity.seleniumEreg.NavConfig.EntireEregNewPatient"/>
</testsuite> <!-- com.practicevelocity.seleniumEreg.NavConfig.EntireEregNewPatient -->
