<?xml version="1.0" encoding="UTF-8"?>
<!-- Generated by org.testng.reporters.JUnitReportReporter -->
<testsuite skipped="0" hostname="PVBMPRL0703" name="com.practicevelocity.seleniumEreg.Tests.InclinicEndAfterEntireEregw_outInsNewPatNavTest" tests="1" failures="0" timestamp="08 Feb 2019 15:54:07 GMT" time="198.684" errors="0">
  <testcase name="EndAfterEntireEregw_outInsNewPat" time="198.684" classname="com.practicevelocity.seleniumEreg.Tests.InclinicEndAfterEntireEregw_outInsNewPatNavTest"/>
</testsuite> <!-- com.practicevelocity.seleniumEreg.Tests.InclinicEndAfterEntireEregw_outInsNewPatNavTest -->
