<?xml version="1.0" encoding="UTF-8"?>
<!-- Generated by org.testng.reporters.JUnitReportReporter -->
<testsuite skipped="0" hostname="PVBMPRL0703" name="com.practicevelocity.seleniumEreg.Tests.PVMLoginTest" tests="1" failures="0" timestamp="27 Feb 2019 23:59:34 GMT" time="3.278" errors="0">
  <testcase name="fbLoginLogout" time="3.278" classname="com.practicevelocity.seleniumEreg.Tests.PVMLoginTest"/>
</testsuite> <!-- com.practicevelocity.seleniumEreg.Tests.PVMLoginTest -->
